                                                           The SAS System                           14:46 Friday, April 21, 2023   1

                                                       The CONTENTS Procedure

            Data Set Name        WORK.GC_SBYS                                             Observations          16645438
            Member Type          DATA                                                     Variables             21      
            Engine               V9                                                       Indexes               0       
            Created              04/21/2023 19:24:58                                      Observation Length    168     
            Last Modified        04/21/2023 19:24:58                                      Deleted Observations  0       
            Protection                                                                    Compressed            NO      
            Data Set Type                                                                 Sorted                NO      
            Label                                                                                                       
            Data Representation  SOLARIS_X86_64, LINUX_X86_64, ALPHA_TRU64, LINUX_IA64                                  
            Encoding             utf-8  Unicode (UTF-8)                                                                 


                                                 Engine/Host Dependent Information

Data Set Page Size          65536                                                                                                   
Number of Data Set Pages    42791                                                                                                   
First Data Page             1                                                                                                       
Max Obs per Page            389                                                                                                     
Obs in First Data Page      362                                                                                                     
Number of Data Set Repairs  0                                                                                                       
Filename                    /blue/concannon/share/jnewman/mingqi_arab/scripts/tmp/_/                                                
                            SAS_work469D00005F7F_c0702a-s16.ufhpc/gc_sbys.sas7bdat                                                  
Release Created             9.0401M1                                                                                                
Host Created                Linux                                                                                                   
Inode Number                1.8015027E17                                                                                            
Access Permission           rw-rw----                                                                                               
Owner Name                  jrbnewman                                                                                               
File Size (bytes)           2804416512                                                                                              


                                             Alphabetic List of Variables and Attributes
 
                     #    Variable                 Type    Len    Format     Informat    Label

                     5    _NAME_                   Char     11                           NAME OF FORMER VARIABLE
                     6    brassica0cGy0U1h         Num       8                                                  
                    21    brassica0cGy0U72h        Num       8                                                  
                     7    brassica0cGy100U1h       Num       8                                                  
                    17    brassica0cGy100U72h      Num       8                                                  
                     8    brassica10cGy0U1h        Num       8                                                  
                    18    brassica10cGy0U72h       Num       8                                                  
                     9    brassica10cGy100U1h      Num       8                                                  
                    10    brassica10cGy100U72h     Num       8                                                  
                    11    brassica1p4cGy0U1h       Num       8                                                  
                    12    brassica1p4cGy0U72h      Num       8                                                  
                    19    brassica1p4cGy100U1h     Num       8                                                  
                    20    brassica1p4cGy100U72h    Num       8                                                  
                     2    chr                      Char      5    $5.        $5.                                
                    13    longday0cGy0U72h         Num       8                                                  
                    14    longday0cGy100U72h       Num       8                                                  
                    15    longday1_4cGy0U72h       Num       8                                                  
                    16    longday1_4cGy100U72h     Num       8                                                  
                     1    site_type                Char      3                                                  
                     3    start_pos                Num       8    BEST12.    BEST32.                            
                     4    stop_pos                 Num       8    BEST12.    BEST32.                            
