                                                           The SAS System                          12:17 Tuesday, April 11, 2023   1

-------------------------------------------------- comparison=brass_10cGy_0cGy_1h --------------------------------------------------

                                                         The FREQ Procedure

                                       Table of flag_meth_diff_10perc by flag_P05_CTL_or_TRT

                                                flag_meth_diff_10perc
                                                          flag_P05_CTL_or_TRT

                                                Frequency|
                                                Percent  |
                                                Row Pct  |
                                                Col Pct  |       0|       1|  Total
                                                ---------+--------+--------+
                                                       0 |4341022 |2830957 |7171979
                                                         |  41.06 |  26.78 |  67.84
                                                         |  60.53 |  39.47 |
                                                         |  69.92 |  64.89 |
                                                ---------+--------+--------+
                                                       1 |1867741 |1531817 |3399558
                                                         |  17.67 |  14.49 |  32.16
                                                         |  54.94 |  45.06 |
                                                         |  30.08 |  35.11 |
                                                ---------+--------+--------+
                                                Total     6208763  4362774  1.057E7
                                                            58.73    41.27   100.00


                                      Table of flag_meth_diff_10perc by flag_FDR05_CTL_or_TRT

                                                flag_meth_diff_10perc
                                                          flag_FDR05_CTL_or_TRT

                                                Frequency|
                                                Percent  |
                                                Row Pct  |
                                                Col Pct  |       0|       1|  Total
                                                ---------+--------+--------+
                                                       0 |4291299 |2880680 |7171979
                                                         |  40.59 |  27.25 |  67.84
                                                         |  59.83 |  40.17 |
                                                         |  70.35 |  64.42 |
                                                ---------+--------+--------+
                                                       1 |1808256 |1591302 |3399558
                                                         |  17.10 |  15.05 |  32.16
                                                         |  53.19 |  46.81 |
                                                         |  29.65 |  35.58 |
                                                ---------+--------+--------+
                                                Total     6099555  4471982  1.057E7
                                                            57.70    42.30   100.00
                                                           The SAS System                          12:17 Tuesday, April 11, 2023   2

------------------------------------------------- comparison=brass_10cGy_0cGy_72h --------------------------------------------------

                                                         The FREQ Procedure

                                       Table of flag_meth_diff_10perc by flag_P05_CTL_or_TRT

                                                flag_meth_diff_10perc
                                                          flag_P05_CTL_or_TRT

                                                Frequency|
                                                Percent  |
                                                Row Pct  |
                                                Col Pct  |       0|       1|  Total
                                                ---------+--------+--------+
                                                       0 |4229589 |2166065 |6395654
                                                         |  41.64 |  21.32 |  62.96
                                                         |  66.13 |  33.87 |
                                                         |  65.85 |  57.99 |
                                                ---------+--------+--------+
                                                       1 |2193243 |1569146 |3762389
                                                         |  21.59 |  15.45 |  37.04
                                                         |  58.29 |  41.71 |
                                                         |  34.15 |  42.01 |
                                                ---------+--------+--------+
                                                Total     6422832  3735211  1.016E7
                                                            63.23    36.77   100.00


                                      Table of flag_meth_diff_10perc by flag_FDR05_CTL_or_TRT

                                                flag_meth_diff_10perc
                                                          flag_FDR05_CTL_or_TRT

                                                Frequency|
                                                Percent  |
                                                Row Pct  |
                                                Col Pct  |       0|       1|  Total
                                                ---------+--------+--------+
                                                       0 |4209928 |2185726 |6395654
                                                         |  41.44 |  21.52 |  62.96
                                                         |  65.82 |  34.18 |
                                                         |  65.90 |  57.98 |
                                                ---------+--------+--------+
                                                       1 |2178542 |1583847 |3762389
                                                         |  21.45 |  15.59 |  37.04
                                                         |  57.90 |  42.10 |
                                                         |  34.10 |  42.02 |
                                                ---------+--------+--------+
                                                Total     6388470  3769573  1.016E7
                                                            62.89    37.11   100.00
                                                           The SAS System                          12:17 Tuesday, April 11, 2023   3

------------------------------------------------- comparison=brass_1p4cGy_0cGy_1h --------------------------------------------------

                                                         The FREQ Procedure

                                       Table of flag_meth_diff_10perc by flag_P05_CTL_or_TRT

                                                flag_meth_diff_10perc
                                                          flag_P05_CTL_or_TRT

                                                Frequency|
                                                Percent  |
                                                Row Pct  |
                                                Col Pct  |       0|       1|  Total
                                                ---------+--------+--------+
                                                       0 |4218905 |2233802 |6452707
                                                         |  41.02 |  21.72 |  62.74
                                                         |  65.38 |  34.62 |
                                                         |  64.65 |  59.43 |
                                                ---------+--------+--------+
                                                       1 |2306704 |1525040 |3831744
                                                         |  22.43 |  14.83 |  37.26
                                                         |  60.20 |  39.80 |
                                                         |  35.35 |  40.57 |
                                                ---------+--------+--------+
                                                Total     6525609  3758842  1.028E7
                                                            63.45    36.55   100.00


                                      Table of flag_meth_diff_10perc by flag_FDR05_CTL_or_TRT

                                                flag_meth_diff_10perc
                                                          flag_FDR05_CTL_or_TRT

                                                Frequency|
                                                Percent  |
                                                Row Pct  |
                                                Col Pct  |       0|       1|  Total
                                                ---------+--------+--------+
                                                       0 |4185067 |2267640 |6452707
                                                         |  40.69 |  22.05 |  62.74
                                                         |  64.86 |  35.14 |
                                                         |  64.88 |  59.14 |
                                                ---------+--------+--------+
                                                       1 |2265217 |1566527 |3831744
                                                         |  22.03 |  15.23 |  37.26
                                                         |  59.12 |  40.88 |
                                                         |  35.12 |  40.86 |
                                                ---------+--------+--------+
                                                Total     6450284  3834167  1.028E7
                                                            62.72    37.28   100.00
                                                           The SAS System                          12:17 Tuesday, April 11, 2023   4

------------------------------------------------- comparison=brass_1p4cGy_0cGy_72h -------------------------------------------------

                                                         The FREQ Procedure

                                       Table of flag_meth_diff_10perc by flag_P05_CTL_or_TRT

                                                flag_meth_diff_10perc
                                                          flag_P05_CTL_or_TRT

                                                Frequency|
                                                Percent  |
                                                Row Pct  |
                                                Col Pct  |       0|       1|  Total
                                                ---------+--------+--------+
                                                       0 |3982810 |1841564 |5824374
                                                         |  39.44 |  18.24 |  57.68
                                                         |  68.38 |  31.62 |
                                                         |  60.55 |  52.31 |
                                                ---------+--------+--------+
                                                       1 |2594767 |1679007 |4273774
                                                         |  25.70 |  16.63 |  42.32
                                                         |  60.71 |  39.29 |
                                                         |  39.45 |  47.69 |
                                                ---------+--------+--------+
                                                Total     6577577  3520571   1.01E7
                                                            65.14    34.86   100.00


                                      Table of flag_meth_diff_10perc by flag_FDR05_CTL_or_TRT

                                                flag_meth_diff_10perc
                                                          flag_FDR05_CTL_or_TRT

                                                Frequency|
                                                Percent  |
                                                Row Pct  |
                                                Col Pct  |       0|       1|  Total
                                                ---------+--------+--------+
                                                       0 |3965963 |1858411 |5824374
                                                         |  39.27 |  18.40 |  57.68
                                                         |  68.09 |  31.91 |
                                                         |  60.55 |  52.38 |
                                                ---------+--------+--------+
                                                       1 |2584276 |1689498 |4273774
                                                         |  25.59 |  16.73 |  42.32
                                                         |  60.47 |  39.53 |
                                                         |  39.45 |  47.62 |
                                                ---------+--------+--------+
                                                Total     6550239  3547909   1.01E7
                                                            64.87    35.13   100.00
                                                           The SAS System                          12:17 Tuesday, April 11, 2023   5

------------------------------------------------- comparison=long_1p4cGy_0cGy_72h --------------------------------------------------

                                                         The FREQ Procedure

                                       Table of flag_meth_diff_10perc by flag_P05_CTL_or_TRT

                                                flag_meth_diff_10perc
                                                          flag_P05_CTL_or_TRT

                                                Frequency|
                                                Percent  |
                                                Row Pct  |
                                                Col Pct  |       0|       1|  Total
                                                ---------+--------+--------+
                                                       0 |5828181 | 371516 |6199697
                                                         |  42.86 |   2.73 |  45.60
                                                         |  94.01 |   5.99 |
                                                         |  45.56 |  46.15 |
                                                ---------+--------+--------+
                                                       1 |6963878 | 433584 |7397462
                                                         |  51.22 |   3.19 |  54.40
                                                         |  94.14 |   5.86 |
                                                         |  54.44 |  53.85 |
                                                ---------+--------+--------+
                                                Total     1.279E7   805100   1.36E7
                                                            94.08     5.92   100.00


                                      Table of flag_meth_diff_10perc by flag_FDR05_CTL_or_TRT

                                                flag_meth_diff_10perc
                                                          flag_FDR05_CTL_or_TRT

                                                Frequency|
                                                Percent  |
                                                Row Pct  |
                                                Col Pct  |       0|       1|  Total
                                                ---------+--------+--------+
                                                       0 |5828179 | 371518 |6199697
                                                         |  42.86 |   2.73 |  45.60
                                                         |  94.01 |   5.99 |
                                                         |  45.56 |  46.15 |
                                                ---------+--------+--------+
                                                       1 |6963877 | 433585 |7397462
                                                         |  51.22 |   3.19 |  54.40
                                                         |  94.14 |   5.86 |
                                                         |  54.44 |  53.85 |
                                                ---------+--------+--------+
                                                Total     1.279E7   805103   1.36E7
                                                            94.08     5.92   100.00
