1                                                          The SAS System                             11:32 Sunday, December 3, 2017

NOTE: Unable to open SASUSER.REGSTRY. WORK.REGSTRY will be opened instead.
NOTE: All registry changes will be lost at the end of the session.

WARNING: Unable to copy SASUSER registry to WORK registry. Because of this, you will not see registry customizations during this 
         session.
NOTE: Unable to open SASUSER.PROFILE. WORK.PROFILE will be opened instead.
NOTE: All profile changes will be lost at the end of the session.
NOTE: Copyright (c) 2002-2012 by SAS Institute Inc., Cary, NC, USA. 
NOTE: SAS (r) Proprietary Software 9.4 (TS1M0) 
      Licensed to UNIVERSITY OF FLORIDA - SFA T&R, Site 70095659.
NOTE: This session is executing on the Linux 4.4.0-101-generic (LIN X64) platform.



NOTE: Updated analytical products:
      
      SAS/STAT 12.3 (maintenance)
      SAS/ETS 12.3 (maintenance)
      SAS/OR 12.3 (maintenance)
      SAS/IML 12.3 (maintenance)
      SAS/QC 12.3 (maintenance)

NOTE: Additional host information:

 Linux LIN X64 4.4.0-101-generic #124~14.04.1-Ubuntu SMP Fri Nov 10 19:05:36 UTC 2017 x86_64 Unrecognized Linux Distribution 

You are running SAS 9. Some SAS 8 files will be automatically converted 
by the V9 engine; others are incompatible.  Please see 
http://support.sas.com/rnd/migration/planning/platform/64bit.html

PROC MIGRATE will preserve current SAS file attributes and is 
recommended for converting all your SAS libraries from any 
SAS 8 release to SAS 9.  For details and examples, please see
http://support.sas.com/rnd/migration/index.html


This message is contained in the SAS news file, and is presented upon
initialization.  Edit the file "news" in the "misc/base" directory to
display site-specific news and information in the program log.
The command line option "-nonews" will prevent this display.




NOTE: SAS initialization used:
      real time           0.15 seconds
      cpu time            0.02 seconds
      
1          ods listing; ods html close;
2          
3          libname rs "!PATCON/arabidopsis/sas_data";
NOTE: Libref RS was successfully assigned as follows: 
      Engine:        V9 
      Physical Name: /home/jrbnewman/concannon/arabidopsis/sas_data
4          
5          /* Import design file for Arabidopsis radiation sensitivity experiment */
6          
7          proc import datafile="!PATCON/arabidopsis/design_files/arabidopsis_rs_design_file.csv"
2                                                          The SAS System                             11:32 Sunday, December 3, 2017

8              out=design dbms=csv replace;
8        !                                  guessingrows=300;
9          run;

10          /**********************************************************************
11          *   PRODUCT:   SAS
12          *   VERSION:   9.4
13          *   CREATOR:   External File Interface
14          *   DATE:      03DEC17
15          *   DESC:      Generated SAS Datastep Code
16          *   TEMPLATE SOURCE:  (None Specified.)
17          ***********************************************************************/
18             data WORK.DESIGN    ;
19             %let _EFIERR_ = 0; /* set the ERROR detection macro variable */
20             infile '!PATCON/arabidopsis/design_files/arabidopsis_rs_design_file.csv' delimiter = ',' MISSOVER DSD lrecl=32767
20       ! firstobs=2 ;
21                informat sample_id $74. ;
22                informat sample_number best32. ;
23                informat treatment $5. ;
24                informat grays best32. ;
25                informat time best32. ;
26                informat replicate best32. ;
27                informat lane $3. ;
28                format sample_id $74. ;
29                format sample_number best12. ;
30                format treatment $5. ;
31                format grays best12. ;
32                format time best12. ;
33                format replicate best12. ;
34                format lane $3. ;
35             input
36                         sample_id $
37                         sample_number
38                         treatment $
39                         grays
40                         time
41                         replicate
42                         lane $
43             ;
44             if _ERROR_ then call symputx('_EFIERR_',1);  /* set ERROR detection macro variable */
45             run;

NOTE: The infile '!PATCON/arabidopsis/design_files/arabidopsis_rs_design_file.csv' is:
      Filename=/home/jrbnewman/concannon/arabidopsis/design_files/arabidopsis_rs_design_file.csv,
      Owner Name=jrbnewman,Group Name=jrbnewman,
      Access Permission=-rwx------,
      Last Modified=Sun Dec  3 10:34:29 2017,
      File Size (bytes)=16188

NOTE: 180 records were read from the infile '!PATCON/arabidopsis/design_files/arabidopsis_rs_design_file.csv'.
      The minimum record length was 81.
      The maximum record length was 96.
NOTE: The data set WORK.DESIGN has 180 observations and 7 variables.
NOTE: DATA statement used (Total process time):
      real time           0.01 seconds
      cpu time            0.00 seconds
      

3                                                          The SAS System                             11:32 Sunday, December 3, 2017

180 rows created in WORK.DESIGN from !PATCON/arabidopsis/design_files/arabidopsis_rs_design_file.csv.
  
  
  
NOTE: WORK.DESIGN data set was successfully created.
NOTE: The data set WORK.DESIGN has 180 observations and 7 variables.
NOTE: PROCEDURE IMPORT used (Total process time):
      real time           0.21 seconds
      cpu time            0.14 seconds
      

46         
47         /* Check: are there the same number of treat*time*rep ?*/
48         
49         proc freq data=design noprint;
50           tables treatment*time*replicate / out=sample_count;
51         run;

NOTE: There were 180 observations read from the data set WORK.DESIGN.
NOTE: The data set WORK.SAMPLE_COUNT has 36 observations and 5 variables.
NOTE: PROCEDURE FREQ used (Total process time):
      real time           0.00 seconds
      cpu time            0.01 seconds
      

52         
53         proc print data=sample_count;
54         run;

NOTE: There were 36 observations read from the data set WORK.SAMPLE_COUNT.
NOTE: The PROCEDURE PRINT printed page 1.
NOTE: PROCEDURE PRINT used (Total process time):
      real time           0.03 seconds
      cpu time            0.00 seconds
      

55         
56         /*
57           Obs    treatment            time       replicate    COUNT    PERCENT
58         
59             1      0.1gy                 1               1      5      2.77778
60             2      0.1gy                 1               2      5      2.77778
61             3      0.1gy                 1               3      5      2.77778
62             4      0.1gy                 3               1      5      2.77778
63             5      0.1gy                 3               2      5      2.77778
64             6      0.1gy                 3               3      5      2.77778
65             7      0.1gy                24               1      5      2.77778
66             8      0.1gy                24               2      5      2.77778
67             9      0.1gy                24               3      5      2.77778
68            10      0.1gy                72               1      5      2.77778
69            11      0.1gy                72               2      5      2.77778
70            12      0.1gy                72               3      5      2.77778
71            13      1gy                   1               1      5      2.77778
72            14      1gy                   1               2      5      2.77778
73            15      1gy                   1               3      5      2.77778
74            16      1gy                   3               1      5      2.77778
75            17      1gy                   3               2      5      2.77778
76            18      1gy                   3               3      5      2.77778
4                                                          The SAS System                             11:32 Sunday, December 3, 2017

77            19      1gy                  24               1      5      2.77778
78            20      1gy                  24               2      5      2.77778
79            21      1gy                  24               3      5      2.77778
80            22      1gy                  72               1      5      2.77778
81            23      1gy                  72               2      5      2.77778
82            24      1gy                  72               3      5      2.77778
83            25      Mock                  1               1      5      2.77778
84            26      Mock                  1               2      5      2.77778
85            27      Mock                  1               3      5      2.77778
86            28      Mock                  3               1      5      2.77778
87            29      Mock                  3               2      5      2.77778
88            30      Mock                  3               3      5      2.77778
89            31      Mock                 24               1      5      2.77778
90            32      Mock                 24               2      5      2.77778
91            33      Mock                 24               3      5      2.77778
92            34      Mock                 72               1      5      2.77778
93            35      Mock                 72               2      5      2.77778
94            36      Mock                 72               3      5      2.77778
95         
96         Looks okay!
97         */
98         
99         /* Make permenant */
100        
101        data rs.arab_design_file;
102          set design;
103        run;

NOTE: There were 180 observations read from the data set WORK.DESIGN.
NOTE: The data set RS.ARAB_DESIGN_FILE has 180 observations and 7 variables.
NOTE: DATA statement used (Total process time):
      real time           0.10 seconds
      cpu time            0.01 seconds
      

104        

NOTE: SAS Institute Inc., SAS Campus Drive, Cary, NC USA 27513-2414
NOTE: The SAS System used:
      real time           0.61 seconds
      cpu time            0.23 seconds
      
